<?xml version="1.0" encoding="UTF-8"?>
<!-- Generated by org.testng.reporters.JUnitXMLReporter -->
<testsuite hostname="CL-AnukD" ignored="0" name="Orchestra Test" tests="1" failures="1" timestamp="30 Dec 2019 04:56:14 GMT" time="26.282" errors="0">
  <testcase name="loginTest" time="9.615" classname="com.orchestra.testCases.UI.TC_LoginTest_001">
    <failure type="java.lang.AssertionError" message="expected [true] but found [false]">
      <![CDATA[java.lang.AssertionError: expected [true] but found [false]
at com.orchestra.testCases.UI.TC_LoginTest_001.loginTest(TC_LoginTest_001.java:37)
at com.intellij.rt.testng.IDEARemoteTestNG.run(IDEARemoteTestNG.java:66)
at com.intellij.rt.testng.RemoteTestNGStarter.main(RemoteTestNGStarter.java:110)
... Removed 26 stack frames]]>
    </failure>
  </testcase> <!-- loginTest -->
</testsuite> <!-- Orchestra Test -->
