<?xml version="1.0" encoding="UTF-8"?>
<!-- Generated by org.testng.reporters.JUnitXMLReporter -->
<testsuite hostname="CL-AnukD" ignored="0" name="Orchestra Test" tests="1" failures="1" timestamp="17 Feb 2020 04:38:05 GMT" time="11.172" errors="0">
  <testcase name="loginTest" time="1.427" classname="com.orchestra.testCases.UI.TC_LoginTest_001">
    <failure type="java.lang.AssertionError" message="expected [true] but found [false]">
      <![CDATA[java.lang.AssertionError: expected [true] but found [false]
at com.orchestra.testCases.UI.TC_LoginTest_001.loginTest(TC_LoginTest_001.java:40)
... Removed 32 stack frames]]>
    </failure>
  </testcase> <!-- loginTest -->
</testsuite> <!-- Orchestra Test -->
