<?xml version="1.0" encoding="UTF-8"?>
<testsuite name="TestSuite" time="1.431" tests="1" errors="0" skipped="0" failures="1">
  <properties>
[...]
</properties>
  <testcase name="loginTest" classname="com.orchestra.testCases.UI.TC_LoginTest_001" time="1.431">
    <failure message="expected [true] but found [false]" type="java.lang.AssertionError">java.lang.AssertionError: expected [true] but found [false]
	at org.testng.Assert.fail(Assert.java:96)
	at org.testng.Assert.failNotEquals(Assert.java:776)
	at org.testng.Assert.assertTrue(Assert.java:44)
	at org.testng.Assert.assertTrue(Assert.java:54)
	at com.orchestra.testCases.UI.TC_LoginTest_001.loginTest(TC_LoginTest_001.java:40)
</failure>
    <system-out><![CDATA[Took the screenshot..!
]]></system-out>
    <system-err><![CDATA[Starting ChromeDriver 79.0.3945.36 (3582db32b33893869b8c1339e8f4d9ed1816f143-refs/branch-heads/3945@{#614}) on port 39264
Only local connections are allowed.
Please protect ports used by ChromeDriver and related test frameworks to prevent access by malicious code.
Feb 17, 2020 10:07:58 AM org.openqa.selenium.remote.ProtocolHandshake createSession
INFO: Detected dialect: W3C
Feb 17, 2020 10:08:02 AM com.orchestra.testCases.UI.TC_LoginTest_001 loginTest
INFO: Now the URL is opened.
Feb 17, 2020 10:08:03 AM com.orchestra.testCases.UI.TC_LoginTest_001 loginTest
INFO: Entered the Username.
Feb 17, 2020 10:08:03 AM com.orchestra.testCases.UI.TC_LoginTest_001 loginTest
INFO: Entered the password.
Feb 17, 2020 10:08:03 AM com.orchestra.testCases.UI.TC_LoginTest_001 loginTest
INFO: Clicked on the Login button.
]]></system-err>
  </testcase>
</testsuite>